<?xml version="1.0" encoding="UTF-8"?>
<!-- Generated by org.testng.reporters.JUnitXMLReporter -->
<testsuite hostname="LAPTOP-0A7CUA1B" ignored="0" name="DataProvider Parametrization" tests="3" failures="0" timestamp="09 Nov 2017 04:12:31 GMT" time="18.291" errors="0">
  <testcase name="autoComplete" time="7.26" classname="com.vmetry.testng.DataProviderParametrization"/>
  <testcase name="autoComplete" time="2.479" classname="com.vmetry.testng.DataProviderParametrization"/>
  <testcase name="autoComplete" time="2.105" classname="com.vmetry.testng.DataProviderParametrization"/>
</testsuite> <!-- DataProvider Parametrization -->
