<?xml version="1.0" encoding="UTF-8"?>
<!-- Generated by org.testng.reporters.JUnitXMLReporter -->
<testsuite hostname="LAPTOP-0A7CUA1B" ignored="0" name="DependencySoftAssertion" tests="2" failures="0" timestamp="09 Nov 2017 03:32:18 GMT" time="18.006" errors="0">
  <testcase name="launch" time="7.69" classname="com.vmetry.testng.DependencySoftAssertion"/>
  <testcase name="doAutoComplete" time="1.082" classname="com.vmetry.testng.DependencySoftAssertion"/>
</testsuite> <!-- DependencySoftAssertion -->
