<?xml version="1.0" encoding="UTF-8"?>
<!-- Generated by org.testng.reporters.JUnitXMLReporter -->
<testsuite hostname="LAPTOP-0A7CUA1B" ignored="1" name="DisableTestCase" tests="2" failures="0" timestamp="27 Oct 2017 04:58:15 GMT" time="17.303" errors="0">
  <testcase name="launch" time="13.453" classname="com.vmetry.testng.DisableTestCase"/>
  <testcase name="inputNoiceWord" time="0.143" classname="com.vmetry.testng.DisableTestCase"/>
  <testcase name="selectSrchKey" time="0.0" classname="com.vmetry.testng.DisableTestCase">
    <ignored/>
  </testcase> <!-- selectSrchKey -->
</testsuite> <!-- DisableTestCase -->
