<?xml version="1.0" encoding="UTF-8"?>
<!-- Generated by org.testng.reporters.JUnitXMLReporter -->
<testsuite hostname="LAPTOP-0A7CUA1B" ignored="2" name="Grouping2" tests="4" failures="0" timestamp="10 Nov 2017 04:55:43 GMT" time="58.515" errors="0">
  <testcase name="ResizeElement" time="8.298" classname="com.vmetry.testng.Grouping"/>
  <testcase name="Slider" time="11.952" classname="com.vmetry.testng.Grouping"/>
  <testcase name="autoComplete" time="9.653" classname="com.vmetry.testng.Grouping"/>
  <testcase name="jQueryToolTip" time="13.293" classname="com.vmetry.testng.Grouping"/>
  <testcase name="dragAndDrop" time="0.0" classname="com.vmetry.testng.Grouping">
    <ignored/>
  </testcase> <!-- dragAndDrop -->
  <testcase name="htmlToolTip" time="0.0" classname="com.vmetry.testng.Grouping">
    <ignored/>
  </testcase> <!-- htmlToolTip -->
</testsuite> <!-- Grouping2 -->
