<?xml version="1.0" encoding="UTF-8"?>
<!-- Generated by org.testng.reporters.JUnitXMLReporter -->
<testsuite hostname="LAPTOP-0A7CUA1B" ignored="1" name="Grouping" tests="5" failures="0" timestamp="10 Nov 2017 04:55:47 GMT" time="63.037" errors="0">
  <testcase name="Slider" time="13.399" classname="com.vmetry.testng.Grouping"/>
  <testcase name="autoComplete" time="10.227" classname="com.vmetry.testng.Grouping"/>
  <testcase name="dragAndDrop" time="11.388" classname="com.vmetry.testng.Grouping"/>
  <testcase name="htmlToolTip" time="0.036" classname="com.vmetry.testng.Grouping"/>
  <testcase name="jQueryToolTip" time="12.452" classname="com.vmetry.testng.Grouping"/>
  <testcase name="ResizeElement" time="0.0" classname="com.vmetry.testng.Grouping">
    <ignored/>
  </testcase> <!-- ResizeElement -->
</testsuite> <!-- Grouping -->
