<?xml version="1.0" encoding="UTF-8"?>
<!-- Generated by org.testng.reporters.JUnitXMLReporter -->
<testsuite hostname="LAPTOP-0A7CUA1B" ignored="0" name="Parametrization" tests="3" failures="0" timestamp="09 Nov 2017 03:31:27 GMT" time="25.349" errors="0">
  <testcase name="launch" time="17.755" classname="com.vmetry.testng.Parametrization"/>
  <testcase name="inputNoiceWord" time="0.134" classname="com.vmetry.testng.Parametrization"/>
  <testcase name="selectSrchKey" time="0.857" classname="com.vmetry.testng.Parametrization"/>
</testsuite> <!-- Parametrization -->
