<?xml version="1.0" encoding="UTF-8"?>
<!-- Generated by org.testng.reporters.JUnitXMLReporter -->
<testsuite hostname="LAPTOP-0A7CUA1B" ignored="0" name="Parallel TestMethod" tests="3" failures="0" timestamp="13 Nov 2017 05:14:28 GMT" time="22.095" errors="0">
  <testcase name="lauchBing" time="10.924" classname="com.vmetry.testng.ParallelTestMethod"/>
  <testcase name="lauchFacebook" time="12.493" classname="com.vmetry.testng.ParallelTestMethod"/>
  <testcase name="lauchGoogle" time="11.155" classname="com.vmetry.testng.ParallelTestMethod"/>
</testsuite> <!-- Parallel TestMethod -->
