<?xml version="1.0" encoding="UTF-8"?>
<!-- Generated by org.testng.reporters.JUnitXMLReporter -->
<testsuite hostname="LAPTOP-0A7CUA1B" ignored="2" name="Sanity Execution" tests="4" failures="0" timestamp="10 Nov 2017 05:15:38 GMT" time="59.537" errors="0">
  <testcase name="ResizeElement" time="9.687" classname="com.vmetry.testng.Grouping"/>
  <testcase name="Slider" time="11.738" classname="com.vmetry.testng.Grouping"/>
  <testcase name="autoComplete" time="9.963" classname="com.vmetry.testng.Grouping"/>
  <testcase name="jQueryToolTip" time="13.179" classname="com.vmetry.testng.Grouping"/>
  <testcase name="dragAndDrop" time="0.0" classname="com.vmetry.testng.Grouping">
    <ignored/>
  </testcase> <!-- dragAndDrop -->
  <testcase name="htmlToolTip" time="0.0" classname="com.vmetry.testng.Grouping">
    <ignored/>
  </testcase> <!-- htmlToolTip -->
</testsuite> <!-- Sanity Execution -->
