<?xml version="1.0" encoding="UTF-8"?>
<!-- Generated by org.testng.reporters.JUnitXMLReporter -->
<testsuite hostname="LAPTOP-0A7CUA1B" ignored="0" name="SkipTestCase" tests="3" failures="0" timestamp="08 Nov 2017 18:02:01 GMT" time="17.0" errors="0">
  <testcase name="launch" time="7.866" classname="com.vmetry.testng.SkipTestCase"/>
  <testcase name="inputNoiceWord" time="0.132" classname="com.vmetry.testng.SkipTestCase"/>
  <testcase name="selectSrchKey" time="0.789" classname="com.vmetry.testng.SkipTestCase">
    <skipped/>
  </testcase> <!-- selectSrchKey -->
</testsuite> <!-- SkipTestCase -->
