<?xml version="1.0" encoding="UTF-8"?>
<testng-results skipped="0" failed="0" ignored="0" total="2" passed="2">
  <reporter-output>
  </reporter-output>
  <suite name="Default suite" duration-ms="38" started-at="2017-11-23T18:50:51Z" finished-at="2017-11-23T18:50:51Z">
    <groups>
    </groups>
    <test name="Default test" duration-ms="38" started-at="2017-11-23T18:50:51Z" finished-at="2017-11-23T18:50:51Z">
      <class name="com.vmetry.testng.Annotation">
        <test-method status="PASS" signature="beforeSuite()[pri:0, instance:com.vmetry.testng.Annotation@396a51ab]" name="beforeSuite" is-config="true" duration-ms="0" started-at="2017-11-24T00:20:51Z" finished-at="2017-11-24T00:20:51Z">
          <reporter-output>
          </reporter-output>
        </test-method> <!-- beforeSuite -->
        <test-method status="PASS" signature="beforeTest()[pri:0, instance:com.vmetry.testng.Annotation@396a51ab]" name="beforeTest" is-config="true" duration-ms="0" started-at="2017-11-24T00:20:51Z" finished-at="2017-11-24T00:20:51Z">
          <reporter-output>
          </reporter-output>
        </test-method> <!-- beforeTest -->
        <test-method status="PASS" signature="beforeClass()[pri:0, instance:com.vmetry.testng.Annotation@396a51ab]" name="beforeClass" is-config="true" duration-ms="0" started-at="2017-11-24T00:20:51Z" finished-at="2017-11-24T00:20:51Z">
          <reporter-output>
          </reporter-output>
        </test-method> <!-- beforeClass -->
        <test-method status="PASS" signature="testCase1()[pri:0, instance:com.vmetry.testng.Annotation@396a51ab]" name="testCase1" duration-ms="3" started-at="2017-11-24T00:20:51Z" finished-at="2017-11-24T00:20:51Z">
          <reporter-output>
          </reporter-output>
        </test-method> <!-- testCase1 -->
        <test-method status="PASS" signature="beforeMethod()[pri:0, instance:com.vmetry.testng.Annotation@396a51ab]" name="beforeMethod" is-config="true" duration-ms="0" started-at="2017-11-24T00:20:51Z" finished-at="2017-11-24T00:20:51Z">
          <reporter-output>
          </reporter-output>
        </test-method> <!-- beforeMethod -->
        <test-method status="PASS" signature="afterMethod()[pri:0, instance:com.vmetry.testng.Annotation@396a51ab]" name="afterMethod" is-config="true" duration-ms="15" started-at="2017-11-24T00:20:51Z" finished-at="2017-11-24T00:20:51Z">
          <reporter-output>
          </reporter-output>
        </test-method> <!-- afterMethod -->
        <test-method status="PASS" signature="testCase2()[pri:0, instance:com.vmetry.testng.Annotation@396a51ab]" name="testCase2" duration-ms="0" started-at="2017-11-24T00:20:51Z" finished-at="2017-11-24T00:20:51Z">
          <reporter-output>
          </reporter-output>
        </test-method> <!-- testCase2 -->
        <test-method status="PASS" signature="beforeMethod()[pri:0, instance:com.vmetry.testng.Annotation@396a51ab]" name="beforeMethod" is-config="true" duration-ms="0" started-at="2017-11-24T00:20:51Z" finished-at="2017-11-24T00:20:51Z">
          <reporter-output>
          </reporter-output>
        </test-method> <!-- beforeMethod -->
        <test-method status="PASS" signature="afterTest()[pri:0, instance:com.vmetry.testng.Annotation@396a51ab]" name="afterTest" is-config="true" duration-ms="0" started-at="2017-11-24T00:20:51Z" finished-at="2017-11-24T00:20:51Z">
          <reporter-output>
          </reporter-output>
        </test-method> <!-- afterTest -->
        <test-method status="PASS" signature="afterClass()[pri:0, instance:com.vmetry.testng.Annotation@396a51ab]" name="afterClass" is-config="true" duration-ms="0" started-at="2017-11-24T00:20:51Z" finished-at="2017-11-24T00:20:51Z">
          <reporter-output>
          </reporter-output>
        </test-method> <!-- afterClass -->
        <test-method status="PASS" signature="afterMethod()[pri:0, instance:com.vmetry.testng.Annotation@396a51ab]" name="afterMethod" is-config="true" duration-ms="0" started-at="2017-11-24T00:20:51Z" finished-at="2017-11-24T00:20:51Z">
          <reporter-output>
          </reporter-output>
        </test-method> <!-- afterMethod -->
        <test-method status="PASS" signature="afterSuite()[pri:0, instance:com.vmetry.testng.Annotation@396a51ab]" name="afterSuite" is-config="true" duration-ms="0" started-at="2017-11-24T00:20:51Z" finished-at="2017-11-24T00:20:51Z">
          <reporter-output>
          </reporter-output>
        </test-method> <!-- afterSuite -->
      </class> <!-- com.vmetry.testng.Annotation -->
    </test> <!-- Default test -->
  </suite> <!-- Default suite -->
</testng-results>
